[     865ms] [INFO] %cDownload the React DevTools for a better development experience: https://react.dev/link/react-devtools font-weight:bold @ http://localhost:5173/node_modules/.vite/deps/react-dom_client.js?v=956ab183:20102
[    1028ms] [ERROR] Failed to load resource: the server responded with a status of 401 (Unauthorized) @ http://localhost:8000/api/v1/expenses:0
[    1029ms] [ERROR] Failed to load resource: the server responded with a status of 401 (Unauthorized) @ http://localhost:8000/api/v1/maintenance:0
[    1029ms] [ERROR] Failed to load resource: the server responded with a status of 401 (Unauthorized) @ http://localhost:8000/api/v1/fuel-logs:0
[    1030ms] [ERROR] Failed to load resource: the server responded with a status of 401 (Unauthorized) @ http://localhost:8000/api/v1/auth/current-user:0
[    1030ms] [ERROR] Failed to load resource: the server responded with a status of 401 (Unauthorized) @ http://localhost:8000/api/v1/maintenance:0
[    1030ms] [ERROR] Failed to load resource: the server responded with a status of 401 (Unauthorized) @ http://localhost:8000/api/v1/fuel-logs:0
[    1031ms] [ERROR] Failed to load resource: the server responded with a status of 401 (Unauthorized) @ http://localhost:8000/api/v1/expenses:0
[    1031ms] [ERROR] Failed to load resource: the server responded with a status of 401 (Unauthorized) @ http://localhost:8000/api/v1/auth/current-user:0
[    1065ms] [VERBOSE] [DOM] Input elements should have autocomplete attributes (suggested: "current-password"): (More info: https://goo.gl/9p2vKq) %o @ http://localhost:5173/login:0
[   52724ms] [ERROR] The final argument passed to %s changed size between renders. The order and size of this array must remain constant.

Previous: %s
Incoming: %s useEffect [async () => {
    const { data } = await vehiclesApi.getVehicles();
    setVehicles(data.data);
  }, async () => {
    const { data } = await driversApi.getDrivers();
    setDrivers(data.data);
  }, async () => {
    const { data } = await tripsApi.getTrips();
    setTrips(data.data);
  }, async () => {
    const { data } = await maintenanceApi.getMaintenanceLogs();
    setMaintenance(data.data);
  }, async () => {
    const { data } = await fuelApi.getFuelLogs();
    setFuelLogs(data.data);
  }, async () => {
    const { data } = await expensesApi.getExpenses();
    setExpenses(data.data);
  }] [true, async () => {
    const { data } = await vehiclesApi.getVehicles();
    setVehicles(data.data);
  }, async () => {
    const { data } = await driversApi.getDrivers();
    setDrivers(data.data);
  }, async () => {
    const { data } = await tripsApi.getTrips();
    setTrips(data.data);
  }, async () => {
    const { data } = await maintenanceApi.getMaintenanceLogs();
    setMaintenance(data.data);
  }, async () => {
    const { data } = await fuelApi.getFuelLogs();
    setFuelLogs(data.data);
  }, async () => {
    const { data } = await expensesApi.getExpenses();
    setExpenses(data.data);
  }] @ http://localhost:5173/node_modules/.vite/deps/react-dom_client.js?v=956ab183:5627
